--------------------------------------------------------------------------------
Release 14.7 Trace  (lin64)
Copyright (c) 1995-2013 Xilinx, Inc.  All rights reserved.

/opt/Xilinx/14.7/ISE_DS/ISE/bin/lin64/unwrapped/trce -intstyle ise -v 3 -s 3 -n
3 -fastpaths -xml four_bit_ALU.twx four_bit_ALU.ncd -o four_bit_ALU.twr
four_bit_ALU.pcf -ucf four_bit_ALU.ucf

Design file:              four_bit_ALU.ncd
Physical constraint file: four_bit_ALU.pcf
Device,package,speed:     xc6slx16,csg324,C,-3 (PRODUCTION 1.23 2016-11-22)
Report level:             verbose report

Environment Variable      Effect 
--------------------      ------ 
NONE                      No environment variables were set
--------------------------------------------------------------------------------

INFO:Timing:2698 - No timing constraints found, doing default enumeration.
INFO:Timing:3412 - To improve timing, see the Timing Closure User Guide (UG612).
INFO:Timing:2752 - To get complete path coverage, use the unconstrained paths 
   option. All paths that are not constrained will be reported in the 
   unconstrained paths section(s) of the report.
INFO:Timing:3339 - The clock-to-out numbers in this timing report are based on 
   a 50 Ohm transmission line loading model.  For the details of this model, 
   and for more information on accounting for different loading conditions, 
   please see the device datasheet.



Data Sheet report:
-----------------
All values displayed in nanoseconds (ns)

Clock A<0> to Pad
--------------+-----------------+------------+-----------------+------------+-------------------+--------+
              |Max (slowest) clk|  Process   |Min (fastest) clk|  Process   |                   | Clock  |
Destination   |  (edge) to PAD  |   Corner   |  (edge) to PAD  |   Corner   |Internal Clock(s)  | Phase  |
--------------+-----------------+------------+-----------------+------------+-------------------+--------+
LED_Segment<0>|        12.206(F)|      SLOW  |         5.959(F)|      FAST  |LED/LED_Segment_0_G|   0.000|
LED_Segment<1>|        12.438(F)|      SLOW  |         6.174(F)|      FAST  |LED/LED_Segment_1_G|   0.000|
LED_Segment<2>|        12.301(F)|      SLOW  |         5.951(F)|      FAST  |LED/LED_Segment_2_G|   0.000|
LED_Segment<3>|        12.598(F)|      SLOW  |         5.902(F)|      FAST  |LED/LED_Segment_3_G|   0.000|
LED_Segment<4>|        12.062(F)|      SLOW  |         6.042(F)|      FAST  |LED/LED_Segment_4_G|   0.000|
LED_Segment<5>|        11.927(F)|      SLOW  |         5.727(F)|      FAST  |LED/LED_Segment_5_G|   0.000|
LED_Segment<6>|        11.943(F)|      SLOW  |         5.866(F)|      FAST  |LED/LED_Segment_6_G|   0.000|
--------------+-----------------+------------+-----------------+------------+-------------------+--------+

Clock A<1> to Pad
--------------+-----------------+------------+-----------------+------------+-------------------+--------+
              |Max (slowest) clk|  Process   |Min (fastest) clk|  Process   |                   | Clock  |
Destination   |  (edge) to PAD  |   Corner   |  (edge) to PAD  |   Corner   |Internal Clock(s)  | Phase  |
--------------+-----------------+------------+-----------------+------------+-------------------+--------+
LED_Segment<0>|        11.623(F)|      SLOW  |         5.867(F)|      FAST  |LED/LED_Segment_0_G|   0.000|
LED_Segment<1>|        11.855(F)|      SLOW  |         5.723(F)|      FAST  |LED/LED_Segment_1_G|   0.000|
LED_Segment<2>|        11.718(F)|      SLOW  |         5.661(F)|      FAST  |LED/LED_Segment_2_G|   0.000|
LED_Segment<3>|        12.015(F)|      SLOW  |         5.639(F)|      FAST  |LED/LED_Segment_3_G|   0.000|
LED_Segment<4>|        11.479(F)|      SLOW  |         5.726(F)|      FAST  |LED/LED_Segment_4_G|   0.000|
LED_Segment<5>|        11.344(F)|      SLOW  |         5.225(F)|      FAST  |LED/LED_Segment_5_G|   0.000|
LED_Segment<6>|        11.360(F)|      SLOW  |         5.447(F)|      FAST  |LED/LED_Segment_6_G|   0.000|
--------------+-----------------+------------+-----------------+------------+-------------------+--------+

Clock A<2> to Pad
--------------+-----------------+------------+-----------------+------------+-------------------+--------+
              |Max (slowest) clk|  Process   |Min (fastest) clk|  Process   |                   | Clock  |
Destination   |  (edge) to PAD  |   Corner   |  (edge) to PAD  |   Corner   |Internal Clock(s)  | Phase  |
--------------+-----------------+------------+-----------------+------------+-------------------+--------+
LED_Segment<0>|        10.617(F)|      SLOW  |         5.934(F)|      FAST  |LED/LED_Segment_0_G|   0.000|
LED_Segment<1>|        10.849(F)|      SLOW  |         5.657(F)|      FAST  |LED/LED_Segment_1_G|   0.000|
LED_Segment<2>|        10.712(F)|      SLOW  |         5.565(F)|      FAST  |LED/LED_Segment_2_G|   0.000|
LED_Segment<3>|        11.009(F)|      SLOW  |         5.533(F)|      FAST  |LED/LED_Segment_3_G|   0.000|
LED_Segment<4>|        10.473(F)|      SLOW  |         5.654(F)|      FAST  |LED/LED_Segment_4_G|   0.000|
LED_Segment<5>|        10.338(F)|      SLOW  |         5.473(F)|      FAST  |LED/LED_Segment_5_G|   0.000|
LED_Segment<6>|        10.354(F)|      SLOW  |         5.657(F)|      FAST  |LED/LED_Segment_6_G|   0.000|
--------------+-----------------+------------+-----------------+------------+-------------------+--------+

Clock A<3> to Pad
--------------+-----------------+------------+-----------------+------------+-------------------+--------+
              |Max (slowest) clk|  Process   |Min (fastest) clk|  Process   |                   | Clock  |
Destination   |  (edge) to PAD  |   Corner   |  (edge) to PAD  |   Corner   |Internal Clock(s)  | Phase  |
--------------+-----------------+------------+-----------------+------------+-------------------+--------+
LED_Segment<0>|        10.198(F)|      SLOW  |         5.826(F)|      FAST  |LED/LED_Segment_0_G|   0.000|
LED_Segment<1>|        10.430(F)|      SLOW  |         5.847(F)|      FAST  |LED/LED_Segment_1_G|   0.000|
LED_Segment<2>|        10.293(F)|      SLOW  |         5.668(F)|      FAST  |LED/LED_Segment_2_G|   0.000|
LED_Segment<3>|        10.590(F)|      SLOW  |         6.008(F)|      FAST  |LED/LED_Segment_3_G|   0.000|
LED_Segment<4>|        10.054(F)|      SLOW  |         5.677(F)|      FAST  |LED/LED_Segment_4_G|   0.000|
LED_Segment<5>|         9.919(F)|      SLOW  |         5.474(F)|      FAST  |LED/LED_Segment_5_G|   0.000|
LED_Segment<6>|         9.935(F)|      SLOW  |         5.549(F)|      FAST  |LED/LED_Segment_6_G|   0.000|
--------------+-----------------+------------+-----------------+------------+-------------------+--------+

Clock B<0> to Pad
--------------+-----------------+------------+-----------------+------------+-------------------+--------+
              |Max (slowest) clk|  Process   |Min (fastest) clk|  Process   |                   | Clock  |
Destination   |  (edge) to PAD  |   Corner   |  (edge) to PAD  |   Corner   |Internal Clock(s)  | Phase  |
--------------+-----------------+------------+-----------------+------------+-------------------+--------+
LED_Segment<0>|        11.963(F)|      SLOW  |         5.826(F)|      FAST  |LED/LED_Segment_0_G|   0.000|
LED_Segment<1>|        12.195(F)|      SLOW  |         6.041(F)|      FAST  |LED/LED_Segment_1_G|   0.000|
LED_Segment<2>|        12.058(F)|      SLOW  |         5.818(F)|      FAST  |LED/LED_Segment_2_G|   0.000|
LED_Segment<3>|        12.355(F)|      SLOW  |         5.769(F)|      FAST  |LED/LED_Segment_3_G|   0.000|
LED_Segment<4>|        11.819(F)|      SLOW  |         5.909(F)|      FAST  |LED/LED_Segment_4_G|   0.000|
LED_Segment<5>|        11.684(F)|      SLOW  |         5.596(F)|      FAST  |LED/LED_Segment_5_G|   0.000|
LED_Segment<6>|        11.700(F)|      SLOW  |         5.733(F)|      FAST  |LED/LED_Segment_6_G|   0.000|
--------------+-----------------+------------+-----------------+------------+-------------------+--------+

Clock B<1> to Pad
--------------+-----------------+------------+-----------------+------------+-------------------+--------+
              |Max (slowest) clk|  Process   |Min (fastest) clk|  Process   |                   | Clock  |
Destination   |  (edge) to PAD  |   Corner   |  (edge) to PAD  |   Corner   |Internal Clock(s)  | Phase  |
--------------+-----------------+------------+-----------------+------------+-------------------+--------+
LED_Segment<0>|        11.709(F)|      SLOW  |         5.996(F)|      FAST  |LED/LED_Segment_0_G|   0.000|
LED_Segment<1>|        11.941(F)|      SLOW  |         5.852(F)|      FAST  |LED/LED_Segment_1_G|   0.000|
LED_Segment<2>|        11.804(F)|      SLOW  |         5.790(F)|      FAST  |LED/LED_Segment_2_G|   0.000|
LED_Segment<3>|        12.101(F)|      SLOW  |         5.768(F)|      FAST  |LED/LED_Segment_3_G|   0.000|
LED_Segment<4>|        11.565(F)|      SLOW  |         5.855(F)|      FAST  |LED/LED_Segment_4_G|   0.000|
LED_Segment<5>|        11.430(F)|      SLOW  |         5.354(F)|      FAST  |LED/LED_Segment_5_G|   0.000|
LED_Segment<6>|        11.446(F)|      SLOW  |         5.576(F)|      FAST  |LED/LED_Segment_6_G|   0.000|
--------------+-----------------+------------+-----------------+------------+-------------------+--------+

Clock B<2> to Pad
--------------+-----------------+------------+-----------------+------------+-------------------+--------+
              |Max (slowest) clk|  Process   |Min (fastest) clk|  Process   |                   | Clock  |
Destination   |  (edge) to PAD  |   Corner   |  (edge) to PAD  |   Corner   |Internal Clock(s)  | Phase  |
--------------+-----------------+------------+-----------------+------------+-------------------+--------+
LED_Segment<0>|        10.795(F)|      SLOW  |         6.014(F)|      FAST  |LED/LED_Segment_0_G|   0.000|
LED_Segment<1>|        11.027(F)|      SLOW  |         5.736(F)|      FAST  |LED/LED_Segment_1_G|   0.000|
LED_Segment<2>|        10.890(F)|      SLOW  |         5.644(F)|      FAST  |LED/LED_Segment_2_G|   0.000|
LED_Segment<3>|        11.187(F)|      SLOW  |         5.612(F)|      FAST  |LED/LED_Segment_3_G|   0.000|
LED_Segment<4>|        10.651(F)|      SLOW  |         5.733(F)|      FAST  |LED/LED_Segment_4_G|   0.000|
LED_Segment<5>|        10.516(F)|      SLOW  |         5.552(F)|      FAST  |LED/LED_Segment_5_G|   0.000|
LED_Segment<6>|        10.532(F)|      SLOW  |         5.792(F)|      FAST  |LED/LED_Segment_6_G|   0.000|
--------------+-----------------+------------+-----------------+------------+-------------------+--------+

Clock B<3> to Pad
--------------+-----------------+------------+-----------------+------------+-------------------+--------+
              |Max (slowest) clk|  Process   |Min (fastest) clk|  Process   |                   | Clock  |
Destination   |  (edge) to PAD  |   Corner   |  (edge) to PAD  |   Corner   |Internal Clock(s)  | Phase  |
--------------+-----------------+------------+-----------------+------------+-------------------+--------+
LED_Segment<0>|        10.000(F)|      SLOW  |         5.663(F)|      FAST  |LED/LED_Segment_0_G|   0.000|
LED_Segment<1>|        10.232(F)|      SLOW  |         5.684(F)|      FAST  |LED/LED_Segment_1_G|   0.000|
LED_Segment<2>|        10.095(F)|      SLOW  |         5.505(F)|      FAST  |LED/LED_Segment_2_G|   0.000|
LED_Segment<3>|        10.392(F)|      SLOW  |         5.845(F)|      FAST  |LED/LED_Segment_3_G|   0.000|
LED_Segment<4>|         9.856(F)|      SLOW  |         5.514(F)|      FAST  |LED/LED_Segment_4_G|   0.000|
LED_Segment<5>|         9.721(F)|      SLOW  |         5.311(F)|      FAST  |LED/LED_Segment_5_G|   0.000|
LED_Segment<6>|         9.737(F)|      SLOW  |         5.386(F)|      FAST  |LED/LED_Segment_6_G|   0.000|
--------------+-----------------+------------+-----------------+------------+-------------------+--------+

Clock Cin to Pad
--------------+-----------------+------------+-----------------+------------+-------------------+--------+
              |Max (slowest) clk|  Process   |Min (fastest) clk|  Process   |                   | Clock  |
Destination   |  (edge) to PAD  |   Corner   |  (edge) to PAD  |   Corner   |Internal Clock(s)  | Phase  |
--------------+-----------------+------------+-----------------+------------+-------------------+--------+
LED_Segment<0>|        13.699(F)|      SLOW  |         6.896(F)|      FAST  |LED/LED_Segment_0_G|   0.000|
LED_Segment<1>|        13.931(F)|      SLOW  |         7.111(F)|      FAST  |LED/LED_Segment_1_G|   0.000|
LED_Segment<2>|        13.794(F)|      SLOW  |         6.888(F)|      FAST  |LED/LED_Segment_2_G|   0.000|
LED_Segment<3>|        14.091(F)|      SLOW  |         6.839(F)|      FAST  |LED/LED_Segment_3_G|   0.000|
LED_Segment<4>|        13.555(F)|      SLOW  |         6.979(F)|      FAST  |LED/LED_Segment_4_G|   0.000|
LED_Segment<5>|        13.420(F)|      SLOW  |         6.616(F)|      FAST  |LED/LED_Segment_5_G|   0.000|
LED_Segment<6>|        13.436(F)|      SLOW  |         6.803(F)|      FAST  |LED/LED_Segment_6_G|   0.000|
--------------+-----------------+------------+-----------------+------------+-------------------+--------+

Clock S0 to Pad
--------------+-----------------+------------+-----------------+------------+-------------------+--------+
              |Max (slowest) clk|  Process   |Min (fastest) clk|  Process   |                   | Clock  |
Destination   |  (edge) to PAD  |   Corner   |  (edge) to PAD  |   Corner   |Internal Clock(s)  | Phase  |
--------------+-----------------+------------+-----------------+------------+-------------------+--------+
LED_Segment<0>|        14.674(F)|      SLOW  |         7.264(F)|      FAST  |LED/LED_Segment_0_G|   0.000|
LED_Segment<1>|        14.906(F)|      SLOW  |         7.248(F)|      FAST  |LED/LED_Segment_1_G|   0.000|
LED_Segment<2>|        14.769(F)|      SLOW  |         7.156(F)|      FAST  |LED/LED_Segment_2_G|   0.000|
LED_Segment<3>|        15.066(F)|      SLOW  |         7.124(F)|      FAST  |LED/LED_Segment_3_G|   0.000|
LED_Segment<4>|        14.530(F)|      SLOW  |         7.245(F)|      FAST  |LED/LED_Segment_4_G|   0.000|
LED_Segment<5>|        14.395(F)|      SLOW  |         6.957(F)|      FAST  |LED/LED_Segment_5_G|   0.000|
LED_Segment<6>|        14.411(F)|      SLOW  |         7.171(F)|      FAST  |LED/LED_Segment_6_G|   0.000|
--------------+-----------------+------------+-----------------+------------+-------------------+--------+

Clock S1 to Pad
--------------+-----------------+------------+-----------------+------------+-------------------+--------+
              |Max (slowest) clk|  Process   |Min (fastest) clk|  Process   |                   | Clock  |
Destination   |  (edge) to PAD  |   Corner   |  (edge) to PAD  |   Corner   |Internal Clock(s)  | Phase  |
--------------+-----------------+------------+-----------------+------------+-------------------+--------+
LED_Segment<0>|        14.062(F)|      SLOW  |         6.924(F)|      FAST  |LED/LED_Segment_0_G|   0.000|
LED_Segment<1>|        14.294(F)|      SLOW  |         6.744(F)|      FAST  |LED/LED_Segment_1_G|   0.000|
LED_Segment<2>|        14.157(F)|      SLOW  |         6.652(F)|      FAST  |LED/LED_Segment_2_G|   0.000|
LED_Segment<3>|        14.454(F)|      SLOW  |         6.620(F)|      FAST  |LED/LED_Segment_3_G|   0.000|
LED_Segment<4>|        13.918(F)|      SLOW  |         6.741(F)|      FAST  |LED/LED_Segment_4_G|   0.000|
LED_Segment<5>|        13.783(F)|      SLOW  |         6.560(F)|      FAST  |LED/LED_Segment_5_G|   0.000|
LED_Segment<6>|        13.799(F)|      SLOW  |         6.647(F)|      FAST  |LED/LED_Segment_6_G|   0.000|
--------------+-----------------+------------+-----------------+------------+-------------------+--------+

Clock S2 to Pad
--------------+-----------------+------------+-----------------+------------+-------------------+--------+
              |Max (slowest) clk|  Process   |Min (fastest) clk|  Process   |                   | Clock  |
Destination   |  (edge) to PAD  |   Corner   |  (edge) to PAD  |   Corner   |Internal Clock(s)  | Phase  |
--------------+-----------------+------------+-----------------+------------+-------------------+--------+
LED_Segment<0>|        13.932(F)|      SLOW  |         6.723(F)|      FAST  |LED/LED_Segment_0_G|   0.000|
LED_Segment<1>|        14.164(F)|      SLOW  |         6.709(F)|      FAST  |LED/LED_Segment_1_G|   0.000|
LED_Segment<2>|        14.027(F)|      SLOW  |         6.617(F)|      FAST  |LED/LED_Segment_2_G|   0.000|
LED_Segment<3>|        14.324(F)|      SLOW  |         6.585(F)|      FAST  |LED/LED_Segment_3_G|   0.000|
LED_Segment<4>|        13.788(F)|      SLOW  |         6.698(F)|      FAST  |LED/LED_Segment_4_G|   0.000|
LED_Segment<5>|        13.653(F)|      SLOW  |         6.418(F)|      FAST  |LED/LED_Segment_5_G|   0.000|
LED_Segment<6>|        13.669(F)|      SLOW  |         6.570(F)|      FAST  |LED/LED_Segment_6_G|   0.000|
--------------+-----------------+------------+-----------------+------------+-------------------+--------+

Clock to Setup on destination clock A<0>
---------------+---------+---------+---------+---------+
               | Src:Rise| Src:Fall| Src:Rise| Src:Fall|
Source Clock   |Dest:Rise|Dest:Rise|Dest:Fall|Dest:Fall|
---------------+---------+---------+---------+---------+
A<0>           |         |         |    2.683|    2.683|
A<1>           |         |         |    2.100|    2.100|
A<2>           |         |         |    1.094|    1.094|
A<3>           |         |         |    0.675|    0.675|
B<0>           |         |         |    2.440|    2.440|
B<1>           |         |         |    2.186|    2.186|
B<2>           |         |         |    1.272|    1.272|
B<3>           |         |         |    0.477|    0.477|
Cin            |         |         |    4.176|    4.176|
S0             |         |         |    5.151|    5.151|
S1             |         |         |    4.539|    4.539|
S2             |         |         |    4.409|    4.409|
---------------+---------+---------+---------+---------+

Clock to Setup on destination clock A<1>
---------------+---------+---------+---------+---------+
               | Src:Rise| Src:Fall| Src:Rise| Src:Fall|
Source Clock   |Dest:Rise|Dest:Rise|Dest:Fall|Dest:Fall|
---------------+---------+---------+---------+---------+
A<0>           |         |         |    3.314|    3.314|
A<1>           |         |         |    2.731|    2.731|
A<2>           |         |         |    1.725|    1.725|
A<3>           |         |         |    1.306|    1.306|
B<0>           |         |         |    3.071|    3.071|
B<1>           |         |         |    2.817|    2.817|
B<2>           |         |         |    1.903|    1.903|
B<3>           |         |         |    1.108|    1.108|
Cin            |         |         |    4.807|    4.807|
S0             |         |         |    5.782|    5.782|
S1             |         |         |    5.170|    5.170|
S2             |         |         |    5.040|    5.040|
---------------+---------+---------+---------+---------+

Clock to Setup on destination clock A<2>
---------------+---------+---------+---------+---------+
               | Src:Rise| Src:Fall| Src:Rise| Src:Fall|
Source Clock   |Dest:Rise|Dest:Rise|Dest:Fall|Dest:Fall|
---------------+---------+---------+---------+---------+
A<0>           |         |         |    3.322|    3.322|
A<1>           |         |         |    2.739|    2.739|
A<2>           |         |         |    1.733|    1.733|
A<3>           |         |         |    1.314|    1.314|
B<0>           |         |         |    3.079|    3.079|
B<1>           |         |         |    2.825|    2.825|
B<2>           |         |         |    1.911|    1.911|
B<3>           |         |         |    1.116|    1.116|
Cin            |         |         |    4.815|    4.815|
S0             |         |         |    5.790|    5.790|
S1             |         |         |    5.178|    5.178|
S2             |         |         |    5.048|    5.048|
---------------+---------+---------+---------+---------+

Clock to Setup on destination clock A<3>
---------------+---------+---------+---------+---------+
               | Src:Rise| Src:Fall| Src:Rise| Src:Fall|
Source Clock   |Dest:Rise|Dest:Rise|Dest:Fall|Dest:Fall|
---------------+---------+---------+---------+---------+
A<0>           |         |         |    3.050|    3.050|
A<1>           |         |         |    2.467|    2.467|
A<2>           |         |         |    1.461|    1.461|
A<3>           |         |         |    1.042|    1.042|
B<0>           |         |         |    2.807|    2.807|
B<1>           |         |         |    2.553|    2.553|
B<2>           |         |         |    1.639|    1.639|
B<3>           |         |         |    0.844|    0.844|
Cin            |         |         |    4.543|    4.543|
S0             |         |         |    5.518|    5.518|
S1             |         |         |    4.906|    4.906|
S2             |         |         |    4.776|    4.776|
---------------+---------+---------+---------+---------+

Clock to Setup on destination clock B<0>
---------------+---------+---------+---------+---------+
               | Src:Rise| Src:Fall| Src:Rise| Src:Fall|
Source Clock   |Dest:Rise|Dest:Rise|Dest:Fall|Dest:Fall|
---------------+---------+---------+---------+---------+
A<0>           |         |         |    2.874|    2.874|
A<1>           |         |         |    2.291|    2.291|
A<2>           |         |         |    1.285|    1.285|
A<3>           |         |         |    0.866|    0.866|
B<0>           |         |         |    2.631|    2.631|
B<1>           |         |         |    2.377|    2.377|
B<2>           |         |         |    1.463|    1.463|
B<3>           |         |         |    0.668|    0.668|
Cin            |         |         |    4.367|    4.367|
S0             |         |         |    5.342|    5.342|
S1             |         |         |    4.730|    4.730|
S2             |         |         |    4.600|    4.600|
---------------+---------+---------+---------+---------+

Clock to Setup on destination clock B<1>
---------------+---------+---------+---------+---------+
               | Src:Rise| Src:Fall| Src:Rise| Src:Fall|
Source Clock   |Dest:Rise|Dest:Rise|Dest:Fall|Dest:Fall|
---------------+---------+---------+---------+---------+
A<0>           |         |         |    3.111|    3.111|
A<1>           |         |         |    2.528|    2.528|
A<2>           |         |         |    1.522|    1.522|
A<3>           |         |         |    1.103|    1.103|
B<0>           |         |         |    2.868|    2.868|
B<1>           |         |         |    2.614|    2.614|
B<2>           |         |         |    1.700|    1.700|
B<3>           |         |         |    0.905|    0.905|
Cin            |         |         |    4.604|    4.604|
S0             |         |         |    5.579|    5.579|
S1             |         |         |    4.967|    4.967|
S2             |         |         |    4.837|    4.837|
---------------+---------+---------+---------+---------+

Clock to Setup on destination clock B<2>
---------------+---------+---------+---------+---------+
               | Src:Rise| Src:Fall| Src:Rise| Src:Fall|
Source Clock   |Dest:Rise|Dest:Rise|Dest:Fall|Dest:Fall|
---------------+---------+---------+---------+---------+
A<0>           |         |         |    3.224|    3.224|
A<1>           |         |         |    2.641|    2.641|
A<2>           |         |         |    1.635|    1.635|
A<3>           |         |         |    1.216|    1.216|
B<0>           |         |         |    2.981|    2.981|
B<1>           |         |         |    2.727|    2.727|
B<2>           |         |         |    1.813|    1.813|
B<3>           |         |         |    1.018|    1.018|
Cin            |         |         |    4.717|    4.717|
S0             |         |         |    5.692|    5.692|
S1             |         |         |    5.080|    5.080|
S2             |         |         |    4.950|    4.950|
---------------+---------+---------+---------+---------+

Clock to Setup on destination clock B<3>
---------------+---------+---------+---------+---------+
               | Src:Rise| Src:Fall| Src:Rise| Src:Fall|
Source Clock   |Dest:Rise|Dest:Rise|Dest:Fall|Dest:Fall|
---------------+---------+---------+---------+---------+
A<0>           |         |         |    3.244|    3.244|
A<1>           |         |         |    2.661|    2.661|
A<2>           |         |         |    1.655|    1.655|
A<3>           |         |         |    1.236|    1.236|
B<0>           |         |         |    3.001|    3.001|
B<1>           |         |         |    2.747|    2.747|
B<2>           |         |         |    1.833|    1.833|
B<3>           |         |         |    1.038|    1.038|
Cin            |         |         |    4.737|    4.737|
S0             |         |         |    5.712|    5.712|
S1             |         |         |    5.100|    5.100|
S2             |         |         |    4.970|    4.970|
---------------+---------+---------+---------+---------+

Clock to Setup on destination clock Cin
---------------+---------+---------+---------+---------+
               | Src:Rise| Src:Fall| Src:Rise| Src:Fall|
Source Clock   |Dest:Rise|Dest:Rise|Dest:Fall|Dest:Fall|
---------------+---------+---------+---------+---------+
A<0>           |         |         |    1.198|    1.198|
A<1>           |         |         |    0.615|    0.615|
A<2>           |         |         |   -0.262|   -0.262|
A<3>           |         |         |   -0.380|   -0.380|
B<0>           |         |         |    0.955|    0.955|
B<1>           |         |         |    0.701|    0.701|
B<2>           |         |         |   -0.120|   -0.120|
B<3>           |         |         |   -0.544|   -0.544|
Cin            |         |         |    2.691|    2.691|
S0             |         |         |    3.666|    3.666|
S1             |         |         |    3.054|    3.054|
S2             |         |         |    2.924|    2.924|
---------------+---------+---------+---------+---------+

Clock to Setup on destination clock S0
---------------+---------+---------+---------+---------+
               | Src:Rise| Src:Fall| Src:Rise| Src:Fall|
Source Clock   |Dest:Rise|Dest:Rise|Dest:Fall|Dest:Fall|
---------------+---------+---------+---------+---------+
A<0>           |         |         |    0.821|    0.821|
A<1>           |         |         |    0.238|    0.238|
A<2>           |         |         |   -0.402|   -0.402|
A<3>           |         |         |   -0.520|   -0.520|
B<0>           |         |         |    0.578|    0.578|
B<1>           |         |         |    0.324|    0.324|
B<2>           |         |         |   -0.260|   -0.260|
B<3>           |         |         |   -0.684|   -0.684|
Cin            |         |         |    2.314|    2.314|
S0             |         |         |    3.289|    3.289|
S1             |         |         |    2.677|    2.677|
S2             |         |         |    2.547|    2.547|
---------------+---------+---------+---------+---------+

Clock to Setup on destination clock S1
---------------+---------+---------+---------+---------+
               | Src:Rise| Src:Fall| Src:Rise| Src:Fall|
Source Clock   |Dest:Rise|Dest:Rise|Dest:Fall|Dest:Fall|
---------------+---------+---------+---------+---------+
A<0>           |         |         |    1.637|    1.637|
A<1>           |         |         |    1.054|    1.054|
A<2>           |         |         |    0.102|    0.102|
A<3>           |         |         |   -0.016|   -0.016|
B<0>           |         |         |    1.394|    1.394|
B<1>           |         |         |    1.140|    1.140|
B<2>           |         |         |    0.244|    0.244|
B<3>           |         |         |   -0.180|   -0.180|
Cin            |         |         |    3.130|    3.130|
S0             |         |         |    4.105|    4.105|
S1             |         |         |    3.493|    3.493|
S2             |         |         |    3.363|    3.363|
---------------+---------+---------+---------+---------+

Clock to Setup on destination clock S2
---------------+---------+---------+---------+---------+
               | Src:Rise| Src:Fall| Src:Rise| Src:Fall|
Source Clock   |Dest:Rise|Dest:Rise|Dest:Fall|Dest:Fall|
---------------+---------+---------+---------+---------+
A<0>           |         |         |    1.674|    1.674|
A<1>           |         |         |    1.091|    1.091|
A<2>           |         |         |    0.137|    0.137|
A<3>           |         |         |    0.019|    0.019|
B<0>           |         |         |    1.431|    1.431|
B<1>           |         |         |    1.177|    1.177|
B<2>           |         |         |    0.279|    0.279|
B<3>           |         |         |   -0.145|   -0.145|
Cin            |         |         |    3.167|    3.167|
S0             |         |         |    4.142|    4.142|
S1             |         |         |    3.530|    3.530|
S2             |         |         |    3.400|    3.400|
---------------+---------+---------+---------+---------+

Pad to Pad
---------------+---------------+---------+
Source Pad     |Destination Pad|  Delay  |
---------------+---------------+---------+
A<0>           |Cout           |   11.115|
A<1>           |Cout           |   10.532|
A<2>           |Cout           |    9.526|
A<3>           |Cout           |    8.652|
B<0>           |Cout           |   10.872|
B<1>           |Cout           |   10.618|
B<2>           |Cout           |    9.704|
B<3>           |Cout           |    8.650|
Cin            |Cout           |   12.608|
S0             |Cout           |   13.583|
S1             |Cout           |   12.971|
S2             |Cout           |   12.841|
---------------+---------------+---------+


Analysis completed Sun Nov 27 17:30:57 2022 
--------------------------------------------------------------------------------

Trace Settings:
-------------------------
Trace Settings 

Peak Memory Usage: 390 MB



